<?xml version="1.0" encoding="UTF-8"?>
<testng-results ignored="0" total="2" passed="2" failed="0" skipped="0">
  <reporter-output>
  </reporter-output>
  <suite started-at="2023-01-24T20:22:40 IST" name="Suite" finished-at="2023-01-24T20:23:18 IST" duration-ms="37682">
    <groups>
    </groups>
    <test started-at="2023-01-24T20:22:40 IST" name="Test" finished-at="2023-01-24T20:23:18 IST" duration-ms="37682">
      <class name="com.inetBanking.testCases.TC001_LoginTest">
        <test-method is-config="true" signature="setUp(java.lang.String)[pri:0, instance:com.inetBanking.testCases.TC001_LoginTest@7a419da4]" started-at="2023-01-24T20:22:41 IST" name="setUp" finished-at="2023-01-24T20:22:47 IST" duration-ms="6371" status="PASS">
          <params>
            <param index="0">
              <value>
                <![CDATA[chrome]]>
              </value>
            </param>
          </params>
          <reporter-output>
          </reporter-output>
        </test-method> <!-- setUp -->
        <test-method signature="loginTest()[pri:0, instance:com.inetBanking.testCases.TC001_LoginTest@7a419da4]" started-at="2023-01-24T20:22:47 IST" name="loginTest" finished-at="2023-01-24T20:22:51 IST" duration-ms="3944" status="PASS">
          <reporter-output>
          </reporter-output>
        </test-method> <!-- loginTest -->
        <test-method is-config="true" signature="tearDown()[pri:0, instance:com.inetBanking.testCases.TC001_LoginTest@7a419da4]" started-at="2023-01-24T20:22:51 IST" name="tearDown" finished-at="2023-01-24T20:22:52 IST" duration-ms="1220" status="PASS">
          <reporter-output>
          </reporter-output>
        </test-method> <!-- tearDown -->
      </class> <!-- com.inetBanking.testCases.TC001_LoginTest -->
      <class name="com.inetBanking.testCases.TC003_AddCustomer">
        <test-method is-config="true" signature="setUp(java.lang.String)[pri:0, instance:com.inetBanking.testCases.TC003_AddCustomer@4d5b6aac]" started-at="2023-01-24T20:22:52 IST" name="setUp" finished-at="2023-01-24T20:22:59 IST" duration-ms="6283" status="PASS">
          <params>
            <param index="0">
              <value>
                <![CDATA[chrome]]>
              </value>
            </param>
          </params>
          <reporter-output>
          </reporter-output>
        </test-method> <!-- setUp -->
        <test-method signature="addCustomer()[pri:0, instance:com.inetBanking.testCases.TC003_AddCustomer@4d5b6aac]" started-at="2023-01-24T20:22:59 IST" name="addCustomer" finished-at="2023-01-24T20:23:17 IST" duration-ms="18729" status="PASS">
          <reporter-output>
          </reporter-output>
        </test-method> <!-- addCustomer -->
        <test-method is-config="true" signature="tearDown()[pri:0, instance:com.inetBanking.testCases.TC003_AddCustomer@4d5b6aac]" started-at="2023-01-24T20:23:17 IST" name="tearDown" finished-at="2023-01-24T20:23:18 IST" duration-ms="757" status="PASS">
          <reporter-output>
          </reporter-output>
        </test-method> <!-- tearDown -->
      </class> <!-- com.inetBanking.testCases.TC003_AddCustomer -->
    </test> <!-- Test -->
  </suite> <!-- Suite -->
</testng-results>
